<?xml version="1.0" encoding="UTF-8"?>
<!-- Generated by org.testng.reporters.JUnitReportReporter -->
<testsuite skipped="0" hostname="DESKTOP-JS5HGFG" name="com.snapdeal.runner.OrderRunner" tests="1" failures="0" timestamp="09 May 2020 06:55:44 GMT" time="62.371" errors="0">
  <testcase name="feature" time="62.371" classname="com.snapdeal.runner.OrderRunner"/>
</testsuite> <!-- com.snapdeal.runner.OrderRunner -->
