<?xml version="1.0" encoding="UTF-8"?>
<!-- Generated by org.testng.reporters.JUnitReportReporter -->
<testsuite skipped="0" hostname="DESKTOP-JS5HGFG" name="com.snapdeal.runner.LoginRunner" tests="1" failures="0" timestamp="03 May 2020 11:00:45 GMT" time="30.877" errors="0">
  <testcase name="feature" time="30.877" classname="com.snapdeal.runner.LoginRunner"/>
</testsuite> <!-- com.snapdeal.runner.LoginRunner -->
