<?xml version="1.0" encoding="UTF-8"?>
<!-- Generated by org.testng.reporters.JUnitReportReporter -->
<testsuite skipped="0" hostname="DESKTOP-JS5HGFG" name="com.snapdeal.login.runner.LoginRunner" tests="1" failures="0" timestamp="02 May 2020 09:28:33 GMT" time="42.531" errors="0">
  <testcase name="feature" time="42.531" classname="com.snapdeal.login.runner.LoginRunner"/>
</testsuite> <!-- com.snapdeal.login.runner.LoginRunner -->
