<?xml version="1.0" encoding="UTF-8"?>
<!-- Generated by org.testng.reporters.JUnitReportReporter -->
<testsuite skipped="0" hostname="DESKTOP-JS5HGFG" name="com.snapdeal.runner.AddingProductToCartRunner" tests="1" failures="0" timestamp="11 May 2020 12:39:01 GMT" time="42.386" errors="0">
  <testcase name="feature" time="42.386" classname="com.snapdeal.runner.AddingProductToCartRunner"/>
</testsuite> <!-- com.snapdeal.runner.AddingProductToCartRunner -->
