<?xml version="1.0" encoding="UTF-8"?>
<!-- Generated by org.testng.reporters.JUnitReportReporter -->
<testsuite skipped="0" hostname="DESKTOP-JS5HGFG" name="com.snapdeal.login.runner.AddingProductToCartRunner" tests="1" failures="0" timestamp="02 May 2020 10:47:07 GMT" time="116.591" errors="0">
  <testcase name="feature" time="116.591" classname="com.snapdeal.login.runner.AddingProductToCartRunner"/>
</testsuite> <!-- com.snapdeal.login.runner.AddingProductToCartRunner -->
