<?xml version="1.0" encoding="UTF-8"?>
<!-- Generated by org.testng.reporters.JUnitReportReporter -->
<testsuite skipped="0" hostname="DESKTOP-JS5HGFG" name="com.snapdeal.runner.BuyingGiftCardRunner" tests="1" failures="0" timestamp="09 May 2020 14:43:10 GMT" time="45.915" errors="0">
  <testcase name="feature" time="45.915" classname="com.snapdeal.runner.BuyingGiftCardRunner"/>
</testsuite> <!-- com.snapdeal.runner.BuyingGiftCardRunner -->
