<?xml version="1.0" encoding="UTF-8"?>
<!-- Generated by org.testng.reporters.JUnitReportReporter -->
<testsuite skipped="0" hostname="DESKTOP-JS5HGFG" name="com.snapdeal.runner.EGiftVocherRunner" tests="1" failures="0" timestamp="09 May 2020 06:51:29 GMT" time="46.021" errors="0">
  <testcase name="feature" time="46.021" classname="com.snapdeal.runner.EGiftVocherRunner"/>
</testsuite> <!-- com.snapdeal.runner.EGiftVocherRunner -->
