<?xml version="1.0" encoding="UTF-8"?>
<!-- Generated by org.testng.reporters.JUnitReportReporter -->
<testsuite skipped="0" hostname="DESKTOP-JS5HGFG" name="com.snapdeal.runner.AddNewAddressRunner" tests="1" failures="0" timestamp="09 May 2020 06:48:40 GMT" time="86.023" errors="0">
  <testcase name="feature" time="86.023" classname="com.snapdeal.runner.AddNewAddressRunner"/>
</testsuite> <!-- com.snapdeal.runner.AddNewAddressRunner -->
