<?xml version="1.0" encoding="UTF-8"?>
<!-- Generated by org.testng.reporters.JUnitReportReporter -->
<testsuite skipped="0" hostname="DESKTOP-JS5HGFG" name="com.snapdeal.runner.AddingProductToCartRunner" tests="1" failures="0" timestamp="09 May 2020 14:38:40 GMT" time="54.834" errors="0">
  <testcase name="feature" time="54.834" classname="com.snapdeal.runner.AddingProductToCartRunner"/>
</testsuite> <!-- com.snapdeal.runner.AddingProductToCartRunner -->
