<?xml version="1.0" encoding="UTF-8"?>
<!-- Generated by org.testng.reporters.JUnitReportReporter -->
<testsuite skipped="0" hostname="DESKTOP-JS5HGFG" name="com.snapdeal.runner.MoveToShortListRunner" tests="1" failures="0" timestamp="09 May 2020 14:44:46 GMT" time="55.972" errors="0">
  <testcase name="feature" time="55.972" classname="com.snapdeal.runner.MoveToShortListRunner"/>
</testsuite> <!-- com.snapdeal.runner.MoveToShortListRunner -->
